                                 Started job on |	Apr 26 11:08:38
                             Started mapping on |	Apr 26 11:08:58
                                    Finished on |	Apr 26 11:09:20
       Mapping speed, Million of reads per hour |	92.25

                          Number of input reads |	563732
                      Average input read length |	87
                                    UNIQUE READS:
                   Uniquely mapped reads number |	299510
                        Uniquely mapped reads % |	53.13%
                          Average mapped length |	112.24
                       Number of splices: Total |	35995
            Number of splices: Annotated (sjdb) |	33692
                       Number of splices: GT/AG |	34855
                       Number of splices: GC/AG |	114
                       Number of splices: AT/AC |	9
               Number of splices: Non-canonical |	1017
                      Mismatch rate per base, % |	2.96%
                         Deletion rate per base |	0.16%
                        Deletion average length |	1.94
                        Insertion rate per base |	0.02%
                       Insertion average length |	1.20
                             MULTI-MAPPING READS:
        Number of reads mapped to multiple loci |	91850
             % of reads mapped to multiple loci |	16.29%
        Number of reads mapped to too many loci |	12659
             % of reads mapped to too many loci |	2.25%
                                  UNMAPPED READS:
  Number of reads unmapped: too many mismatches |	0
       % of reads unmapped: too many mismatches |	0.00%
            Number of reads unmapped: too short |	0
                 % of reads unmapped: too short |	0.00%
                Number of reads unmapped: other |	159713
                     % of reads unmapped: other |	28.33%
                                  CHIMERIC READS:
                       Number of chimeric reads |	0
                            % of chimeric reads |	0.00%
